MegaDot v4.5.1.m.8.mono.custom_build - https://godotengine.org
D3D12 12_0 - Forward+ - Using Device #0: NVIDIA - NVIDIA GeForce RTX 5070 Ti
WARNING: PSO caching is not implemented yet in the Direct3D 12 driver.
   at: pipeline_cache_create (drivers/d3d12/rendering_device_driver_d3d12.cpp:4467)

FMOD Sound System: Successfully initialized
[INFO] Found release_info.json at: D:\steam\steamapps\common\Slay the Spire 2\release_info.json
[INFO] [Sentry.NET] Initialized: env=playtesters, release=v0.99.1
[INFO] Steamworks: attempting initialization...
[INFO] Steam is running: True
[INFO] Steamworks initialization succeeded!
[INFO] Steam is enabled, we will write saves to steam storage. Enabled for account: True, app: True 
[INFO] Registered 8 migrations
[INFO] Current save versions: PrefsSave v2; ProfileSave v2; SerializableProgress v21; RunHistory v8; SerializableRun v14; SettingsSave v5
[INFO] Syncing cloud save files to the local save directory
[WARN] Asset not cached: res://scenes/cards/card.tscn
[WARN] Asset not cached: res://scenes/cards/holders/grid_card_holder.tscn
[INFO] AtlasManager: Loaded ui_atlas with 102 sprites
[INFO] AtlasManager: Loaded compressed with 45 sprites
[INFO] Found mod manifest file D:\steam\steamapps\common\Slay the Spire 2\mods\BaseLib\BaseLib.json
[INFO] Found mod manifest file D:\steam\steamapps\common\Slay the Spire 2\mods\MySts2Mod\MySts2Mod.json
[INFO] Loading assembly DLL D:\steam\steamapps\common\Slay the Spire 2\mods\BaseLib\BaseLib.dll
[INFO] Loading Godot PCK D:\steam\steamapps\common\Slay the Spire 2\mods\BaseLib\BaseLib.pck
[INFO] Calling initializer method of type BaseLib.MainFile for BaseLib, Version=0.1.6.0, Culture=neutral, PublicKeyToken=null
[INFO] Finished mod initialization for 'BaseLib' (BaseLib).
[INFO] Loading assembly DLL D:\steam\steamapps\common\Slay the Spire 2\mods\MySts2Mod\MySts2Mod.dll
[INFO] Loading Godot PCK D:\steam\steamapps\common\Slay the Spire 2\mods\MySts2Mod\MySts2Mod.pck
[INFO] Calling initializer method of type MySts2Mod.MainFile for MySts2Mod, Version=1.0.0.0, Culture=neutral, PublicKeyToken=null
[INFO] Finished mod initialization for 'MySts2Mod' (MySts2Mod).
[INFO]  --- RUNNING MODDED! --- Loaded 2 mods (2 total)
[INFO] [BaseLib] Generating interop methods and properties
[INFO] Loading locale path=res://localization/eng
[INFO] Found loc table from mod: eng cards.json. Merging with base loc table
[INFO] Found loc table from mod: eng powers.json. Merging with base loc table
[INFO] Found loc table from mod: eng relics.json. Merging with base loc table
[INFO] Found loc table from mod: eng static_hover_tips.json. Merging with base loc table
[INFO] Loading locale path=res://localization/zhs
[INFO] Found loc table from mod: zhs cards.json. Merging with base loc table
[INFO] Found loc table from mod: zhs powers.json. Merging with base loc table
[INFO] Found loc table from mod: zhs relics.json. Merging with base loc table
[INFO] ModelIdSerializationCache initialized. Categories: 19 Entries: 1627 Epochs: 57 Hash: 2872260880
[Sentry.GDExtension] Initialized: env=playtesters, release=v0.99.1
[INFO] AtlasManager: Loaded epoch_atlas with 57 sprites
[INFO] AtlasManager: Loaded relic_atlas with 336 sprites
[INFO] AtlasManager: Loaded relic_outline_atlas with 336 sprites
[INFO] AtlasManager: Loaded power_atlas with 268 sprites
[INFO] AtlasManager: Loaded card_atlas with 840 sprites
[INFO] AtlasManager: Loaded potion_atlas with 63 sprites
[INFO] AtlasManager: Loaded potion_outline_atlas with 63 sprites
[INFO] AtlasManager: Loaded stats_screen_atlas with 16 sprites
[INFO] AtlasManager: Loaded intent_atlas with 310 sprites
[INFO] AtlasManager: Loaded era_atlas with 27 sprites
[INFO] Profile-scoped data path initialized: user://steam/76561198946604428/modded/profile1
[INFO] [Sentry.NET] Platform branch: public, sample rate: 10%
[INFO] AtlasManager: Loaded controller_atlas with 112 sprites
[INFO] Applying display settings...
  FULLSCREEN: False
  ASPECT_RATIO: (SixteenByNine)
  TARGET_DISPLAY: (0)
  WINDOW_SIZE: (2560, 1417)
  POSITION: (0, 23)
[INFO] [Display] Min size: (64, 64) Max size: (16384, 16384)
[INFO] [Display] Attempting WINDOWED mode on Display 1 of 1 at position (0, 23)
[INFO] [Display] SUCCESS: (2560, 1417) Windowed mode in Display 0: Position (0, 23) ((0, 23))
[INFO] Window changed! New size: (2560, 1417)
[INFO] [Display] New size: (2560, 1417) position: (0, 23)
[INFO] VSync: Adaptive
[INFO] SteamStatsManager: Global stats received (found=True), architect damage = 55555383072
[INFO] Wrote 2498 bytes to path=user://steam/76561198946604428/settings.save save_dir=user://steam/76561198946604428
[INFO] Wrote 2498 bytes to settings.save in steam remote store
[INFO] === Godot OS Debug Information ===
Timestamp: 2026/3/20 15:03:09
OS: Windows
OS Version: 10.0.26100
Distribution Name: Windows
Device Model: B650M-AYW WIFI
Is Debug Build: False
Is Sandboxed: False
Executable Path: D:/steam/steamapps/common/Slay the Spire 2/SlayTheSpire2.exe
Data Directory: C:/Users/Administrator/AppData/Roaming
User Data Directory: C:/Users/Administrator/AppData/Roaming/SlayTheSpire2
Command Line Args: 
User Command Line Args: 
OS Locale: zh_CN
OS Language: zh
Game Locale: zh_CN
Is UserFS Persistent: True
Is Stdout Verbose: False
Is Low Processor Usage Mode: False
Architecture: x86_64
Engine Version: 4.5.1-m.8 (custom_build)
Is Editor: False
Release Version: v0.99.1
Release Commit: 7ac1f450
Release Date: 2026/3/14 3:40:28
Processor Count: 12
Processor Name: AMD Ryzen 5 9600X 6-Core Processor
Rendering device name: NVIDIA GeForce RTX 5070 Ti
  Graphics adapter 0: NVIDIA GeForce RTX 5070 Ti
  version: 32.0.15.0
  Graphics adapter 1: AMD Radeon(TM) Graphics
  version: 32.0.13031.0
  Graphics adapter 2: NVIDIA GeForce RTX 5070 Ti
  version: 32.0.15.0
  Graphics adapter 3: NVIDIA GeForce RTX 5070 Ti
  version: 32.0.15.0
  Graphics adapter 4: Microsoft Basic Render Driver
  version: 10.0.26100.0
Screen info (primary 0):
  Index 0: Size: (2560, 1440) Orientation: Landscape Scale: 1 DPI: 96 Refresh Rate: 180
Video Memory Used: 0.0B
Memory Info:
  physical: 31.2GB
  free: 16.1GB
  available: 67.2GB
  stack: 8.0MB
  Static Memory Usage: 0.0B
  Static Memory Peak Usage: 0.0B
Important Environment Variables:
  PATH: C:\Program Files\Common Files\Oracle\Java\javapath;C:\Program Files (x86)\Common Files\Oracle\Java\java8path;C:\Program Files (x86)\Common Files\Oracle\Java\javapath;C:\Program Files\NVIDIA GPU Computing Toolkit\CUDA\v12.8\bin;C:\Program Files\NVIDIA GPU Computing Toolkit\CUDA\v12.8\libnvvp;C:\Windows\system32;C:\Windows;C:\Windows\System32\Wbem;C:\Windows\System32\WindowsPowerShell\v1.0\;C:\Windows\System32\OpenSSH\;C:\Program Files\NVIDIA Corporation\NVIDIA App\NvDLISR;C:\Program Files (x86)\NVIDIA Corporation\PhysX\Common;D:\1awd\快速使用\命令;D:\1awd\快速使用\文件;D:\1awd\快速使用\应用;C:\Program Files\dotnet\;C:\Program Files\Git\cmd;C:\Users\Administrator\AppData\Local\nvm;C:\nvm4w\nodejs;C:\Users\Administrator\AppData\Local\nvm;C:\Program Files\NVIDIA Corporation\Nsight Compute 2025.1.0\;C:\Program Files\7-Zip;C:\Program Files\Go\bin;C:\Program Files (x86)\ZeroTier\One\;C:\Users\Administrator\AppData\Local\Programs\Python\Python313;C:\Users\Administrator\AppData\Local\Programs\Python\Python313\Scripts;C:\Users\Administrator\.local\bin;C:\Program Files\MySQL\MySQL Server 8.0\bin;C:\ProgramData\miniconda3\Scripts;D:\1awd\tools\ffmpeg-7.0.2-essentials_build\bin;C:\Users\Administrator\AppData\Local\pnpm;C:\Program Files\WinRAR;C:\Program Files\GitHub CLI\;C:\texlive\2025\bin\windows;D:\1awd\tools\aria2-1.37.0-win-64bit-build1;C:\Users\Administrator\AppData\Local\Programs\cursor\resources\app\bin;C:\Program Files (x86)\Microsoft Visual Studio\2022\BuildTools\VC\Tools\MSVC\14.44.35207\bin\Hostx64\x64;;C:\Program Files\Git LFS;d:\1awd\tools\Trae\bin;C:\Users\Administrator\AppData\Local\pnpm;C:\Users\Administrator\AppData\Local\pnpm;C:\Program Files\MySQL\MySQL Shell 8.0\bin\;C:\Users\Administrator\.local\bin;C:\Users\Administrator\AppData\Local\Programs\Python\Launcher\;C:\Users\Administrator\AppData\Local\Microsoft\WindowsApps;C:\Users\Administrator\AppData\Local\Programs\cursor\resources\app\bin;C:\Users\Administrator\AppData\Local\Programs\Microsoft VS Code\bin;C:\Users\Administrator\AppData\Local\nvm;C:\nvm4w\nodejs;C:\Users\Administrator\go\bin;C:\Users\Administrator\.dotnet\tools;C:\Users\Administrator\.dotnet\tools;C:\Users\Administrator\AppData\Local\PowerToys\DSCModules\
  GODOT_ROOT_DIR: 
  HOME: 
  DYLD_LIBRARY_PATH: 
  LD_LIBRARY_PATH: 

[INFO] [BaseLib] Loaded config BaseLibConfig successfully
[INFO] Preloading 'IntroLogo' assets... count=3 vfx=0
[INFO] SteamStatsManager: User stats received
[INFO] Preloading 'IntroLogo' Complete: assets=3 time_elapsed=35ms
[INFO] Preloading 'MainMenuEssentials' assets... count=5 vfx=0
[INFO] Preloading 'MainMenuEssentials' Complete: assets=5 time_elapsed=201ms
[WARN] Asset not cached: res://debug_audio/SOTE_Logo_Echoing_ShortTail.mp3
[INFO] [Startup] Time to main menu (Godot ticks): 8519ms
[WARN] Asset not cached: res://images/ui/top_panel/character_icon_regent.png
[INFO] [Startup] Time to main menu: 8,800ms
[INFO] [Startup] Resource stats (main menu loaded (essential)): StaticMem=0B, VRAM=504MB, Objects=8,585, Resources=684, Nodes=1,551, CachedAssets=11
[INFO] Unloading 4 missed cache assets
[INFO] Command line: 
[INFO] Preloading 'Common' assets... count=683 vfx=86
[INFO] [Startup] Resource stats (main menu loaded (complete)): StaticMem=0B, VRAM=667.9MB, Objects=8,561, Resources=671, Nodes=1,549, CachedAssets=5
[INFO] Continuing run with character: CHARACTER.REGENT
[INFO] Preloading 'Common' Complete: assets=769 time_elapsed=3,404ms
[INFO] Preloading 'characters=REGENT' assets... count=9 vfx=6
[INFO] Preloading 'characters=REGENT' Complete: assets=15 time_elapsed=305ms
[INFO] Preloading 'Act=UNDERDOCKS' assets... count=8 vfx=0
[INFO] Preloading 'Act=UNDERDOCKS' Complete: assets=8 time_elapsed=45ms
[INFO] Preloading 'Combat Room' assets... count=10 vfx=0
[INFO] Preloading 'Combat Room' Complete: assets=10 time_elapsed=84ms
[INFO] Creating NCombatRoom with mode=ActiveCombat encounter=SLUDGE_SPINNER_WEAK.
[WARN] AtlasResourceLoader: Missing sprite 'regent/mysts2mod-defective_bulwark_card' in card_atlas (requested: res://images/atlases/card_atlas.sprites/regent/mysts2mod-defective_bulwark_card.tres)
[WARN] Asset not cached: res://images/packed/sprite_fonts/star_icon.png
[WARN] AtlasResourceLoader: Missing sprite 'regent/mysts2mod-junk_shot_card' in card_atlas (requested: res://images/atlases/card_atlas.sprites/regent/mysts2mod-junk_shot_card.tres)
[ERROR] System.Collections.Generic.KeyNotFoundException: The given key 'Cards' was not present in the dictionary.
   at MySts2Mod.Cards.JunkShotCard.<>c.<get_CanonicalVars>b__1_0(CardModel card, Creature _)
   at MegaCrit.Sts2.Core.Localization.DynamicVars.CalculatedVar.Calculate(Creature target)
   at MegaCrit.Sts2.Core.Localization.DynamicVars.CalculatedDamageVar.UpdateCardPreview(CardModel card, CardPreviewMode previewMode, Creature target, Boolean runGlobalHooks)
   at MegaCrit.Sts2.Core.Models.CardModel.UpdateDynamicVarPreview(CardPreviewMode previewMode, Creature target, DynamicVarSet dynamicVarSet)
   at MegaCrit.Sts2.Core.Nodes.Cards.NCard.UpdateVisuals(PileType pileType, CardPreviewMode previewMode)
   at MegaCrit.Sts2.Core.Commands.CardPileCmd.CreateCardNodeAndUpdateVisuals(CardModel card, PileType targetPileType, Boolean owningPlayerIsLocal)
   at MegaCrit.Sts2.Core.Commands.CardPileCmd+<Add>d__9.MoveNext_Patch1(<Add>d__9& this)
--- End of stack trace from previous location ---
   at MegaCrit.Sts2.Core.Commands.CardPileCmd.Add(CardModel card, CardPile newPile, CardPilePosition position, AbstractModel source, Boolean skipVisuals)
   at MegaCrit.Sts2.Core.Commands.CardPileCmd.Draw(PlayerChoiceContext choiceContext, Decimal count, Player player, Boolean fromHandDraw)
   at MegaCrit.Sts2.Core.Combat.CombatManager.SetupPlayerTurn(Player player, HookPlayerChoiceContext playerChoiceContext)
   at MegaCrit.Sts2.Core.Helpers.TaskHelper.WhenAny(Task[] tasks)
   at MegaCrit.Sts2.Core.GameActions.Multiplayer.HookPlayerChoiceContext.AssignTaskAndWaitForPauseOrCompletion(Task task)
   at MegaCrit.Sts2.Core.Combat.CombatManager.StartTurn(Func`1 actionDuringEnemyTurn)
   at MegaCrit.Sts2.Core.Combat.CombatManager.StartCombatInternal()
   at MegaCrit.Sts2.Core.Helpers.TaskHelper.LogTaskExceptions(Task task)
   at System.Runtime.CompilerServices.AsyncTaskMethodBuilder`1.AsyncStateMachineBox`1.MoveNext(Thread threadPoolThread)
   at System.Threading.Tasks.AwaitTaskContinuation.RunCallback(ContextCallback callback, Object state, Task& currentTask)
   at System.Threading.Tasks.Task.RunContinuations(Object continuationObject)
   at System.Threading.Tasks.Task.FinishSlow(Boolean userDelegateExecute)
   at System.Threading.Tasks.Task.TrySetException(Object exceptionObject)
   at System.Runtime.CompilerServices.AsyncTaskMethodBuilder`1.SetException(Exception exception, Task`1& taskField)
   at MegaCrit.Sts2.Core.Combat.CombatManager.StartCombatInternal()
   at System.Threading.ExecutionContext.RunInternal(ExecutionContext executionContext, ContextCallback callback, Object state)
   at System.Runtime.CompilerServices.AsyncTaskMethodBuilder`1.AsyncStateMachineBox`1.MoveNext(Thread threadPoolThread)
   at System.Threading.Tasks.AwaitTaskContinuation.RunCallback(ContextCallback callback, Object state, Task& currentTask)
   at System.Threading.Tasks.Task.RunContinuations(Object continuationObject)
   at System.Threading.Tasks.Task.FinishSlow(Boolean userDelegateExecute)
   at System.Threading.Tasks.Task.TrySetException(Object exceptionObject)
   at System.Runtime.CompilerServices.AsyncTaskMethodBuilder`1.SetException(Exception exception, Task`1& taskField)
   at MegaCrit.Sts2.Core.Combat.CombatManager.StartTurn(Func`1 actionDuringEnemyTurn)
   at System.Threading.ExecutionContext.RunInternal(ExecutionContext executionContext, ContextCallback callback, Object state)
   at System.Runtime.CompilerServices.AsyncTaskMethodBuilder`1.AsyncStateMachineBox`1.MoveNext(Thread threadPoolThread)
   at System.Threading.Tasks.AwaitTaskContinuation.RunCallback(ContextCallback callback, Object state, Task& currentTask)
   at System.Threading.Tasks.Task.RunContinuations(Object continuationObject)
   at System.Threading.Tasks.Task.FinishSlow(Boolean userDelegateExecute)
   at System.Threading.Tasks.Task.TrySetException(Object exceptionObject)
   at System.Runtime.CompilerServices.AsyncTaskMethodBuilder`1.SetException(Exception exception, Task`1& taskField)
   at MegaCrit.Sts2.Core.GameActions.Multiplayer.HookPlayerChoiceContext.AssignTaskAndWaitForPauseOrCompletion(Task task)
   at System.Threading.ExecutionContext.RunInternal(ExecutionContext executionContext, ContextCallback callback, Object state)
   at System.Runtime.CompilerServices.AsyncTaskMethodBuilder`1.AsyncStateMachineBox`1.MoveNext(Thread threadPoolThread)
   at System.Threading.Tasks.AwaitTaskContinuation.RunCallback(ContextCallback callback, Object state, Task& currentTask)
   at System.Threading.Tasks.Task.RunContinuations(Object continuationObject)
   at System.Threading.Tasks.Task.FinishSlow(Boolean userDelegateExecute)
   at System.Threading.Tasks.Task.TrySetException(Object exceptionObject)
   at System.Runtime.CompilerServices.AsyncTaskMethodBuilder`1.SetException(Exception exception, Task`1& taskField)
   at MegaCrit.Sts2.Core.Helpers.TaskHelper.WhenAny(Task[] tasks)
   at System.Threading.ExecutionContext.RunInternal(ExecutionContext executionContext, ContextCallback callback, Object state)
   at System.Runtime.CompilerServices.AsyncTaskMethodBuilder`1.AsyncStateMachineBox`1.MoveNext(Thread threadPoolThread)
   at System.Threading.Tasks.AwaitTaskContinuation.RunCallback(ContextCallback callback, Object state, Task& currentTask)
   at System.Threading.Tasks.Task.RunContinuations(Object continuationObject)
   at System.Threading.Tasks.Task`1.TrySetResult(TResult result)
   at System.Threading.Tasks.Task.TwoTaskWhenAnyPromise`1.Invoke(Task completingTask)
   at System.Threading.Tasks.Task.RunContinuations(Object continuationObject)
   at System.Threading.Tasks.Task.FinishSlow(Boolean userDelegateExecute)
   at System.Threading.Tasks.Task.TrySetException(Object exceptionObject)
   at System.Runtime.CompilerServices.AsyncTaskMethodBuilder`1.SetException(Exception exception, Task`1& taskField)
   at MegaCrit.Sts2.Core.Combat.CombatManager.SetupPlayerTurn(Player player, HookPlayerChoiceContext playerChoiceContext)
   at System.Threading.ExecutionContext.RunInternal(ExecutionContext executionContext, ContextCallback callback, Object state)
   at System.Runtime.CompilerServices.AsyncTaskMethodBuilder`1.AsyncStateMachineBox`1.MoveNext(Thread threadPoolThread)
   at System.Threading.Tasks.AwaitTaskContinuation.RunCallback(ContextCallback callback, Object state, Task& currentTask)
   at System.Threading.Tasks.Task.RunContinuations(Object continuationObject)
   at System.Threading.Tasks.Task.FinishSlow(Boolean userDelegateExecute)
   at System.Threading.Tasks.Task.TrySetException(Object exceptionObject)
   at System.Runtime.CompilerServices.AsyncTaskMethodBuilder`1.SetException(Exception exception, Task`1& taskField)
   at MegaCrit.Sts2.Core.Commands.CardPileCmd.Draw(PlayerChoiceContext choiceContext, Decimal count, Player player, Boolean fromHandDraw)
   at System.Threading.ExecutionContext.RunInternal(ExecutionContext executionContext, ContextCallback callback, Object state)
   at System.Runtime.CompilerServices.AsyncTaskMethodBuilder`1.AsyncStateMachineBox`1.MoveNext(Thread threadPoolThread)
   at System.Threading.Tasks.AwaitTaskContinuation.RunCallback(ContextCallback callback, Object state, Task& currentTask)
   at System.Threading.Tasks.Task.RunContinuations(Object continuationObject)
   at MegaCrit.Sts2.Core.Commands.CardPileCmd.Add(CardModel card, CardPile newPile, CardPilePosition position, AbstractModel source, Boolean skipVisuals)
   at System.Threading.ExecutionContext.RunInternal(ExecutionContext executionContext, ContextCallback callback, Object state)
   at System.Runtime.CompilerServices.AsyncTaskMethodBuilder`1.AsyncStateMachineBox`1.MoveNext(Thread threadPoolThread)
   at System.Threading.Tasks.AwaitTaskContinuation.RunCallback(ContextCallback callback, Object state, Task& currentTask)
   at System.Threading.Tasks.Task.RunContinuations(Object continuationObject)
   at System.Threading.Tasks.Task`1.TrySetResult(TResult result)
   at System.Runtime.CompilerServices.AsyncTaskMethodBuilder`1.SetExistingTaskResult(Task`1 task, TResult result)
   at MegaCrit.Sts2.Core.Commands.CardPileCmd+<Add>d__9.MoveNext_Patch1(<Add>d__9& this)
   at System.Threading.ExecutionContext.RunInternal(ExecutionContext executionContext, ContextCallback callback, Object state)
   at System.Runtime.CompilerServices.AsyncTaskMethodBuilder`1.AsyncStateMachineBox`1.MoveNext(Thread threadPoolThread)
   at Godot.SignalAwaiter.SignalCallback(IntPtr awaiterGCHandlePtr, godot_variant** args, Int32 argCount, godot_bool* outAwaiterIsNull)

[INFO] Unloading 1 missed cache assets
[INFO] Preloading 'Common' assets... count=125 vfx=1
[WARN] Asset not cached: res://scenes/screens/main_menu.tscn
[INFO] [Startup] Time to main menu (Godot ticks): 23894ms
[INFO] Preloading 'Common' Complete: assets=125 time_elapsed=507ms
[INFO] Abandoning run from main menu
[INFO] CHARACTER.REGENT has lost to encounter ENCOUNTER.TOADPOLES_WEAK. That's 3 losses
[INFO] CHARACTER.REGENT has died to a MONSTER.TOADPOLE. That's 5 losses
[INFO] CHARACTER.REGENT has died to a MONSTER.TOADPOLE. That's 6 losses
[INFO] Player already has Epoch: NEOW_EPOCH
[INFO] Player already has Epoch: NECROBINDER1_EPOCH
[INFO] Player already has Epoch: OROBAS_EPOCH
[INFO] Player already has Epoch: DARV_EPOCH
[INFO] Wrote 190492 bytes to path=user://steam/76561198946604428/modded/profile1\saves\progress.save save_dir=user://steam/76561198946604428
[INFO] Wrote 190492 bytes to modded/profile1/saves/progress.save in steam remote store
[INFO] Wrote 6087 bytes to path=user://steam/76561198946604428/modded/profile1\saves\history\1773986564.run save_dir=user://steam/76561198946604428
[INFO] Wrote 6087 bytes to modded/profile1/saves/history/1773986564.run in steam remote store
[INFO] Saved run history: 1773986564.run
[INFO] Created Run History entry!
[WARN] Asset not cached: res://scenes/screens/singleplayer_submenu.tscn
[INFO] Max ascension changed to 0
[INFO] Max ascension changed to 1
[INFO] CHARACTER.IRONCLAD ascension set to preferred: 1
[INFO] Max ascension changed to 2
[INFO] CHARACTER.REGENT ascension set to preferred: 2
[WARN] Asset not cached: res://images/packed/sprite_fonts/star_icon.png
[INFO] [StartRunLobby (1)] Local player 1 is ready
[INFO] Embarking on a singleplayer REGENT run. Ascension: 2 Seed: FV2L46R6CE
[INFO] Preloading 'characters=REGENT' assets... count=9 vfx=6
[INFO] Preloading 'characters=REGENT' Complete: assets=15 time_elapsed=270ms
[INFO] Preloading 'Act=OVERGROWTH' assets... count=8 vfx=0
[INFO] Preloading 'Act=OVERGROWTH' Complete: assets=8 time_elapsed=56ms
[INFO] Preloading 'Act=OVERGROWTH' assets... count=0 vfx=0
[INFO] Preloading 'Act=OVERGROWTH' Complete: assets=0 time_elapsed=29ms
[INFO] Wrote 190492 bytes to path=user://steam/76561198946604428/modded/profile1\saves\progress.save save_dir=user://steam/76561198946604428
[INFO] Wrote 190492 bytes to modded/profile1/saves/progress.save in steam remote store
[INFO] Wrote 46939 bytes to path=user://steam/76561198946604428/modded/profile1\saves\current_run.save save_dir=user://steam/76561198946604428
[INFO] Wrote 46939 bytes to modded/profile1/saves/current_run.save in steam remote store
[INFO] Preloading 'Event Room' assets... count=2 vfx=0
[INFO] Preloading 'Event Room' Complete: assets=2 time_elapsed=137ms
[WARN] Asset not cached: res://scenes/vfx/vfx_cross_heal_fullscreen.tscn
[INFO] [BaseLib] Checking for additional interactions with NEOW
[WARN] Asset not cached: res://scenes/events/ancient_dialogue_line.tscn
[WARN] Asset not cached: res://scenes/ui/card_hover_tip.tscn
[WARN] AtlasResourceLoader: Missing sprite 'regent/mysts2mod-forge_guard_card' in card_atlas (requested: res://images/atlases/card_atlas.sprites/regent/mysts2mod-forge_guard_card.tres)
[INFO] Wrote 190492 bytes to path=user://steam/76561198946604428/modded/profile1\saves\progress.save save_dir=user://steam/76561198946604428
[INFO] Wrote 190492 bytes to modded/profile1/saves/progress.save in steam remote store
[INFO] Wrote 49162 bytes to path=user://steam/76561198946604428/modded/profile1\saves\current_run.save save_dir=user://steam/76561198946604428
[INFO] Wrote 49162 bytes to modded/profile1/saves/current_run.save in steam remote store
[INFO] Player vote changed for 1: ->MapVote (gen: 1 coord: (3, 1))
[INFO] Wrote 190492 bytes to path=user://steam/76561198946604428/modded/profile1\saves\progress.save save_dir=user://steam/76561198946604428
[INFO] Wrote 190492 bytes to modded/profile1/saves/progress.save in steam remote store
[INFO] Wrote 49220 bytes to path=user://steam/76561198946604428/modded/profile1\saves\current_run.save save_dir=user://steam/76561198946604428
[INFO] Wrote 49220 bytes to modded/profile1/saves/current_run.save in steam remote store
[INFO] Preloading 'Combat Room' assets... count=11 vfx=0
[INFO] Preloading 'Combat Room' Complete: assets=11 time_elapsed=78ms
[INFO] Creating NCombatRoom with mode=ActiveCombat encounter=SLIMES_WEAK.
[WARN] AtlasResourceLoader: Missing sprite 'mysts2mod-forge_guard_power' in power_atlas (requested: res://images/atlases/power_atlas.sprites/mysts2mod-forge_guard_power.tres)
[INFO] Player 1 playing card FALLING_STAR (targeting 树叶史莱姆（小） (index 1))
cannot find sfx path: blunt_attack.mp3
[WARN] Asset not cached: res://images/powers/weak_power.png
[WARN] Asset not cached: res://images/powers/vulnerable_power.png
[INFO] Player 1 playing card MYSTS2MOD-FORGE_GUARD_CARD (no target)
[WARN] Asset not cached: res://images/powers/missing_power.png
[INFO] Player 1 playing card STRIKE_REGENT (targeting 树叶史莱姆（小） (index 1))
[WARN] No player or pet creature found in creatures list! If you're calling a developer console command or you're in a test, this is okay, but it's probably a bug outside of tests. Falling back to null run state.
[INFO] Monster TWIG_SLIME_M performing move STICKY_SHOT_MOVE
[INFO] Monster TWIG_SLIME_S performing move BUTT_MOVE
[WARN] AtlasResourceLoader: Missing sprite 'regent/mysts2mod-junk_shot_card' in card_atlas (requested: res://images/atlases/card_atlas.sprites/regent/mysts2mod-junk_shot_card.tres)
[ERROR] System.Collections.Generic.KeyNotFoundException: The given key 'Cards' was not present in the dictionary.
   at MySts2Mod.Cards.JunkShotCard.<>c.<get_CanonicalVars>b__1_0(CardModel card, Creature _)
   at MegaCrit.Sts2.Core.Localization.DynamicVars.CalculatedVar.Calculate(Creature target)
   at MegaCrit.Sts2.Core.Localization.DynamicVars.CalculatedDamageVar.UpdateCardPreview(CardModel card, CardPreviewMode previewMode, Creature target, Boolean runGlobalHooks)
   at MegaCrit.Sts2.Core.Models.CardModel.UpdateDynamicVarPreview(CardPreviewMode previewMode, Creature target, DynamicVarSet dynamicVarSet)
   at MegaCrit.Sts2.Core.Nodes.Cards.NCard.UpdateVisuals(PileType pileType, CardPreviewMode previewMode)
   at MegaCrit.Sts2.Core.Commands.CardPileCmd.CreateCardNodeAndUpdateVisuals(CardModel card, PileType targetPileType, Boolean owningPlayerIsLocal)
   at MegaCrit.Sts2.Core.Commands.CardPileCmd+<Add>d__9.MoveNext_Patch1(<Add>d__9& this)
--- End of stack trace from previous location ---
   at MegaCrit.Sts2.Core.Commands.CardPileCmd.Add(CardModel card, CardPile newPile, CardPilePosition position, AbstractModel source, Boolean skipVisuals)
   at MegaCrit.Sts2.Core.Commands.CardPileCmd.Draw(PlayerChoiceContext choiceContext, Decimal count, Player player, Boolean fromHandDraw)
   at MegaCrit.Sts2.Core.Combat.CombatManager.SetupPlayerTurn(Player player, HookPlayerChoiceContext playerChoiceContext)
   at MegaCrit.Sts2.Core.Helpers.TaskHelper.WhenAny(Task[] tasks)
   at MegaCrit.Sts2.Core.GameActions.Multiplayer.HookPlayerChoiceContext.AssignTaskAndWaitForPauseOrCompletion(Task task)
   at MegaCrit.Sts2.Core.Combat.CombatManager.StartTurn(Func`1 actionDuringEnemyTurn)
   at MegaCrit.Sts2.Core.Combat.CombatManager.EndEnemyTurn()
   at MegaCrit.Sts2.Core.Combat.CombatManager.ExecuteEnemyTurn(Func`1 actionDuringEnemyTurn)
   at MegaCrit.Sts2.Core.Combat.CombatManager.StartTurn(Func`1 actionDuringEnemyTurn)
   at MegaCrit.Sts2.Core.Combat.CombatManager.SwitchFromPlayerToEnemySide(Func`1 actionDuringEnemyTurn)
   at MegaCrit.Sts2.Core.Combat.CombatManager.AfterAllPlayersReadyToBeginEnemyTurn(Func`1 actionDuringEnemyTurn)
   at MegaCrit.Sts2.Core.Helpers.TaskHelper.LogTaskExceptions(Task task)
   at System.Runtime.CompilerServices.AsyncTaskMethodBuilder`1.AsyncStateMachineBox`1.MoveNext(Thread threadPoolThread)
   at System.Threading.Tasks.AwaitTaskContinuation.RunCallback(ContextCallback callback, Object state, Task& currentTask)
   at System.Threading.Tasks.Task.RunContinuations(Object continuationObject)
   at System.Threading.Tasks.Task.FinishSlow(Boolean userDelegateExecute)
   at System.Threading.Tasks.Task.TrySetException(Object exceptionObject)
   at System.Runtime.CompilerServices.AsyncTaskMethodBuilder`1.SetException(Exception exception, Task`1& taskField)
   at MegaCrit.Sts2.Core.Combat.CombatManager.AfterAllPlayersReadyToBeginEnemyTurn(Func`1 actionDuringEnemyTurn)
   at System.Threading.ExecutionContext.RunInternal(ExecutionContext executionContext, ContextCallback callback, Object state)
   at System.Runtime.CompilerServices.AsyncTaskMethodBuilder`1.AsyncStateMachineBox`1.MoveNext(Thread threadPoolThread)
   at System.Threading.Tasks.AwaitTaskContinuation.RunCallback(ContextCallback callback, Object state, Task& currentTask)
   at System.Threading.Tasks.Task.RunContinuations(Object continuationObject)
   at System.Threading.Tasks.Task.FinishSlow(Boolean userDelegateExecute)
   at System.Threading.Tasks.Task.TrySetException(Object exceptionObject)
   at System.Runtime.CompilerServices.AsyncTaskMethodBuilder`1.SetException(Exception exception, Task`1& taskField)
   at MegaCrit.Sts2.Core.Combat.CombatManager.SwitchFromPlayerToEnemySide(Func`1 actionDuringEnemyTurn)
   at System.Threading.ExecutionContext.RunInternal(ExecutionContext executionContext, ContextCallback callback, Object state)
   at System.Runtime.CompilerServices.AsyncTaskMethodBuilder`1.AsyncStateMachineBox`1.MoveNext(Thread threadPoolThread)
   at System.Threading.Tasks.AwaitTaskContinuation.RunCallback(ContextCallback callback, Object state, Task& currentTask)
   at System.Threading.Tasks.Task.RunContinuations(Object continuationObject)
   at System.Threading.Tasks.Task.FinishSlow(Boolean userDelegateExecute)
   at System.Threading.Tasks.Task.TrySetException(Object exceptionObject)
   at System.Runtime.CompilerServices.AsyncTaskMethodBuilder`1.SetException(Exception exception, Task`1& taskField)
   at MegaCrit.Sts2.Core.Combat.CombatManager.StartTurn(Func`1 actionDuringEnemyTurn)
   at System.Threading.ExecutionContext.RunInternal(ExecutionContext executionContext, ContextCallback callback, Object state)
   at System.Runtime.CompilerServices.AsyncTaskMethodBuilder`1.AsyncStateMachineBox`1.MoveNext(Thread threadPoolThread)
   at System.Threading.Tasks.AwaitTaskContinuation.RunCallback(ContextCallback callback, Object state, Task& currentTask)
   at System.Threading.Tasks.Task.RunContinuations(Object continuationObject)
   at System.Threading.Tasks.Task.FinishSlow(Boolean userDelegateExecute)
   at System.Threading.Tasks.Task.TrySetException(Object exceptionObject)
   at System.Runtime.CompilerServices.AsyncTaskMethodBuilder`1.SetException(Exception exception, Task`1& taskField)
   at MegaCrit.Sts2.Core.Combat.CombatManager.ExecuteEnemyTurn(Func`1 actionDuringEnemyTurn)
   at System.Threading.ExecutionContext.RunInternal(ExecutionContext executionContext, ContextCallback callback, Object state)
   at System.Runtime.CompilerServices.AsyncTaskMethodBuilder`1.AsyncStateMachineBox`1.MoveNext(Thread threadPoolThread)
   at System.Threading.Tasks.AwaitTaskContinuation.RunCallback(ContextCallback callback, Object state, Task& currentTask)
   at System.Threading.Tasks.Task.RunContinuations(Object continuationObject)
   at System.Threading.Tasks.Task.FinishSlow(Boolean userDelegateExecute)
   at System.Threading.Tasks.Task.TrySetException(Object exceptionObject)
   at System.Runtime.CompilerServices.AsyncTaskMethodBuilder`1.SetException(Exception exception, Task`1& taskField)
   at MegaCrit.Sts2.Core.Combat.CombatManager.EndEnemyTurn()
   at System.Threading.ExecutionContext.RunInternal(ExecutionContext executionContext, ContextCallback callback, Object state)
   at System.Runtime.CompilerServices.AsyncTaskMethodBuilder`1.AsyncStateMachineBox`1.MoveNext(Thread threadPoolThread)
   at System.Threading.Tasks.AwaitTaskContinuation.RunCallback(ContextCallback callback, Object state, Task& currentTask)
   at System.Threading.Tasks.Task.RunContinuations(Object continuationObject)
   at System.Threading.Tasks.Task.FinishSlow(Boolean userDelegateExecute)
   at System.Threading.Tasks.Task.TrySetException(Object exceptionObject)
   at System.Runtime.CompilerServices.AsyncTaskMethodBuilder`1.SetException(Exception exception, Task`1& taskField)
   at MegaCrit.Sts2.Core.Combat.CombatManager.StartTurn(Func`1 actionDuringEnemyTurn)
   at System.Threading.ExecutionContext.RunInternal(ExecutionContext executionContext, ContextCallback callback, Object state)
   at System.Runtime.CompilerServices.AsyncTaskMethodBuilder`1.AsyncStateMachineBox`1.MoveNext(Thread threadPoolThread)
   at System.Threading.Tasks.AwaitTaskContinuation.RunCallback(ContextCallback callback, Object state, Task& currentTask)
   at System.Threading.Tasks.Task.RunContinuations(Object continuationObject)
   at MegaCrit.Sts2.Core.Commands.Cmd.CustomScaledWait(Single fastSeconds, Single standardSeconds, Boolean ignoreCombatEnd, CancellationToken cancellationToken)
   at System.Threading.ExecutionContext.RunInternal(ExecutionContext executionContext, ContextCallback callback, Object state)
   at System.Runtime.CompilerServices.AsyncTaskMethodBuilder`1.AsyncStateMachineBox`1.MoveNext(Thread threadPoolThread)
   at System.Threading.Tasks.AwaitTaskContinuation.RunCallback(ContextCallback callback, Object state, Task& currentTask)
   at System.Threading.Tasks.Task.RunContinuations(Object continuationObject)
   at MegaCrit.Sts2.Core.Commands.Cmd.Wait(Single seconds, CancellationToken cancelToken, Boolean ignoreCombatEnd)
   at System.Threading.ExecutionContext.RunInternal(ExecutionContext executionContext, ContextCallback callback, Object state)
   at System.Runtime.CompilerServices.AsyncTaskMethodBuilder`1.AsyncStateMachineBox`1.MoveNext(Thread threadPoolThread)
   at System.Threading.Tasks.AwaitTaskContinuation.RunCallback(ContextCallback callback, Object state, Task& currentTask)
   at System.Threading.Tasks.Task.RunContinuations(Object continuationObject)
   at System.Threading.Tasks.Task.TrySetResult()
   at MegaCrit.Sts2.Core.Commands.Cmd.<>c__DisplayClass2_0.<WaitInternal>g__Receive|0()
   at Godot.Callable.<From>g__Trampoline|1_0(Object delegateObj, NativeVariantPtrArgs args, godot_variant& ret)
   at Godot.DelegateUtils.InvokeWithVariantArgs(IntPtr delegateGCHandle, Void* trampoline, godot_variant** args, Int32 argc, godot_variant* outRet)

[WARN] AtlasResourceLoader: Missing sprite 'regent/mysts2mod-defective_bulwark_card' in card_atlas (requested: res://images/atlases/card_atlas.sprites/regent/mysts2mod-defective_bulwark_card.tres)
[WARN] AtlasResourceLoader: Missing sprite 'regent/mysts2mod-ruthless_extortion_card' in card_atlas (requested: res://images/atlases/card_atlas.sprites/regent/mysts2mod-ruthless_extortion_card.tres)
[WARN] AtlasResourceLoader: Missing sprite 'regent/mysts2mod-scrap_artillery_card' in card_atlas (requested: res://images/atlases/card_atlas.sprites/regent/mysts2mod-scrap_artillery_card.tres)
[ERROR] System.Collections.Generic.KeyNotFoundException: The given key 'Cards' was not present in the dictionary.
   at MySts2Mod.Cards.JunkShotCard.<>c.<get_CanonicalVars>b__1_0(CardModel card, Creature _)
   at MegaCrit.Sts2.Core.Localization.DynamicVars.CalculatedVar.Calculate(Creature target)
   at MegaCrit.Sts2.Core.Localization.DynamicVars.CalculatedDamageVar.UpdateCardPreview(CardModel card, CardPreviewMode previewMode, Creature target, Boolean runGlobalHooks)
   at MegaCrit.Sts2.Core.Models.CardModel.UpdateDynamicVarPreview(CardPreviewMode previewMode, Creature target, DynamicVarSet dynamicVarSet)
   at MegaCrit.Sts2.Core.Nodes.Cards.NCard.UpdateVisuals(PileType pileType, CardPreviewMode previewMode)
   at MegaCrit.Sts2.Core.Nodes.Cards.NCardGrid.InitGrid()
   at MegaCrit.Sts2.Core.Nodes.Cards.NCardGrid.InitGrid(Task taskToWaitOn)
   at MegaCrit.Sts2.Core.Helpers.TaskHelper.LogTaskExceptions(Task task)
   at MegaCrit.Sts2.Core.Helpers.TaskHelper.LogTaskExceptions(Task task)
   at MegaCrit.Sts2.Core.Nodes.Cards.NCardGrid.SetCards(IReadOnlyList`1 cardsToDisplay, PileType pileType, List`1 sortingPriority, Task taskToWaitOn)
   at MegaCrit.Sts2.Core.Nodes.Screens.NCardPileScreen.OnPileContentsChanged()
   at MegaCrit.Sts2.Core.Nodes.Screens.NCardPileScreen._Ready()
   at Godot.Node.InvokeGodotClassMethod(godot_string_name& method, NativeVariantPtrArgs args, godot_variant& ret)
   at Godot.CanvasItem.InvokeGodotClassMethod(godot_string_name& method, NativeVariantPtrArgs args, godot_variant& ret)
   at Godot.Control.InvokeGodotClassMethod(godot_string_name& method, NativeVariantPtrArgs args, godot_variant& ret)
   at MegaCrit.Sts2.Core.Nodes.Screens.NCardPileScreen.InvokeGodotClassMethod(godot_string_name& method, NativeVariantPtrArgs args, godot_variant& ret)
   at Godot.Bridge.CSharpInstanceBridge.Call(IntPtr godotObjectGCHandle, godot_string_name* method, godot_variant** args, Int32 argCount, godot_variant_call_error* refCallError, godot_variant* ret)
   at Godot.NativeCalls.godot_icall_3_864(IntPtr method, IntPtr ptr, IntPtr arg1, godot_bool arg2, Int32 arg3)
   at MegaCrit.Sts2.Core.Helpers.GodotTreeExtensions.AddChildSafely(Node parent, Node child)
   at MegaCrit.Sts2.Core.Nodes.Screens.Capstones.NCapstoneContainer.Open(ICapstoneScreen screen)
   at MegaCrit.Sts2.Core.Nodes.Screens.NCardPileScreen.ShowScreen(CardPile pile, String[] closeHotkeys)
   at MegaCrit.Sts2.Core.Nodes.Combat.NCombatCardPile.OnRelease()
   at MegaCrit.Sts2.Core.Nodes.GodotExtensions.NClickableControl.OnReleaseHandler()
   at Godot.Callable.<From>g__Trampoline|2_0[T0](Object delegateObj, NativeVariantPtrArgs args, godot_variant& ret)
   at Godot.DelegateUtils.InvokeWithVariantArgs(IntPtr delegateGCHandle, Void* trampoline, godot_variant** args, Int32 argc, godot_variant* outRet)
   at Godot.NativeCalls.godot_icall_2_873(IntPtr method, IntPtr ptr, godot_string_name arg1, ReadOnlySpan`1 arg2, godot_string_name caller)
   at Godot.GodotObject.EmitSignal(StringName signal, Variant[] args)
   at MegaCrit.Sts2.Core.Nodes.GodotExtensions.NClickableControl._GuiInput(InputEvent inputEvent)
   at Godot.Control.InvokeGodotClassMethod(godot_string_name& method, NativeVariantPtrArgs args, godot_variant& ret)
   at MegaCrit.Sts2.Core.Nodes.GodotExtensions.NClickableControl.InvokeGodotClassMethod(godot_string_name& method, NativeVariantPtrArgs args, godot_variant& ret)
   at MegaCrit.Sts2.Core.Nodes.GodotExtensions.NButton.InvokeGodotClassMethod(godot_string_name& method, NativeVariantPtrArgs args, godot_variant& ret)
   at MegaCrit.Sts2.Core.Nodes.Combat.NCombatCardPile.InvokeGodotClassMethod(godot_string_name& method, NativeVariantPtrArgs args, godot_variant& ret)
   at Godot.Bridge.CSharpInstanceBridge.Call(IntPtr godotObjectGCHandle, godot_string_name* method, godot_variant** args, Int32 argCount, godot_variant_call_error* refCallError, godot_variant* ret)

[INFO] NGame.Quit called
[INFO] [Display] On exit, saving window size: (2560, 1417) display: 0 position: (0, 23)
[INFO] Wrote 2498 bytes to path=user://steam/76561198946604428/settings.save save_dir=user://steam/76561198946604428
[INFO] Wrote 2498 bytes to settings.save in steam remote store
[INFO] Wrote 243 bytes to path=user://steam/76561198946604428/modded/profile1\saves\prefs.save save_dir=user://steam/76561198946604428
[INFO] Wrote 243 bytes to modded/profile1/saves/prefs.save in steam remote store
[INFO] Wrote 190492 bytes to path=user://steam/76561198946604428/modded/profile1\saves\progress.save save_dir=user://steam/76561198946604428
[INFO] Wrote 190492 bytes to modded/profile1/saves/progress.save in steam remote store
[INFO] Wrote 52 bytes to path=user://steam/76561198946604428/profile.save save_dir=user://steam/76561198946604428
[INFO] Wrote 52 bytes to profile.save in steam remote store
[INFO] Steamworks: shutting down...
[INFO] Steamworks shutdown succeeded!
[INFO] [Sentry.NET] Shutting down
FMOD Sound System: System released
WARNING: 842 RIDs of type "CanvasItem" were leaked.
   at: _free_rids (servers/rendering/renderer_canvas_cull.cpp:2678)
ERROR: 1 RID allocations of type 'N26RendererEnvironmentStorage11EnvironmentE' were leaked at exit.
ERROR: 5 shaders of type CanvasShaderRD were never freed
   at: ~ShaderRD (servers/rendering/renderer_rd/shader_rd.cpp:1044)
ERROR: 24 RID allocations of type 'N10RendererRD16ParticlesStorage9ParticlesE' were leaked at exit.
ERROR: 1 shaders of type ParticlesShaderRD were never freed
   at: ~ShaderRD (servers/rendering/renderer_rd/shader_rd.cpp:1044)
ERROR: 24 RID allocations of type 'N10RendererRD11MeshStorage4MeshE' were leaked at exit.
ERROR: 85 RID allocations of type 'N10RendererRD15MaterialStorage8MaterialE' were leaked at exit.
ERROR: 6 RID allocations of type 'N10RendererRD15MaterialStorage6ShaderE' were leaked at exit.
ERROR: 242 RID allocations of type 'N10RendererRD14TextureStorage7TextureE' were leaked at exit.
WARNING: 165 RIDs of type "UniformBuffer" were leaked.
   at: _free_rids (servers/rendering/rendering_device.cpp:6981)
WARNING: 480 RIDs of type "Texture" were leaked.
   at: finalize (servers/rendering/rendering_device.cpp:7191)
ERROR: 306 RID allocations of type 'PN18TextServerAdvanced22ShapedTextDataAdvancedE' were leaked at exit.
ERROR: 10 RID allocations of type 'PN18TextServerAdvanced12FontAdvancedE' were leaked at exit.
ERROR: 4 RID allocations of type 'PN18TextServerAdvanced27FontAdvancedLinkedVariationE' were leaked at exit.
WARNING: ObjectDB instances leaked at exit (run with --verbose for details).
   at: cleanup (core/object/object.cpp:2514)
ERROR: 276 resources still in use at exit (run with --verbose for details).
   at: clear (core/io/resource.cpp:795)
